<?xml version="1.0" encoding="UTF-8"?>
<testsuite xmlns:xsi="http://www.w3.org/2001/XMLSchema-instance" xsi:noNamespaceSchemaLocation="https://maven.apache.org/surefire/maven-surefire-plugin/xsd/surefire-test-report.xsd" version="3.0.1" name="es.upm.grise.profundizacion.file.FileTest" time="0.101" tests="8" errors="0" skipped="0" failures="1">
  <properties>
[...]
</properties>
  <testcase name="smokeTest" classname="es.upm.grise.profundizacion.file.FileTest" time="0.033"/>
  <testcase name="testConstructorInicializaContentVacio" classname="es.upm.grise.profundizacion.file.FileTest" time="0.002"/>
  <testcase name="testAddPropertyAgregaContenido" classname="es.upm.grise.profundizacion.file.FileTest" time="0.006"/>
  <testcase name="testGetCRC32ConContenidoVacioDevuelveCero" classname="es.upm.grise.profundizacion.file.FileTest" time="0.001"/>
  <testcase name="testAddPropertyNullLanzaInvalidContentException" classname="es.upm.grise.profundizacion.file.FileTest" time="0.003"/>
  <testcase name="testAddPropertyConcatenaContenido" classname="es.upm.grise.profundizacion.file.FileTest" time="0.002"/>
  <testcase name="testGetCRC32DevuelveValorMockeado" classname="es.upm.grise.profundizacion.file.FileTest" time="0.009">
    <failure message="expected: &lt;999&gt; but was: &lt;0&gt;" type="org.opentest4j.AssertionFailedError"><![CDATA[org.opentest4j.AssertionFailedError: expected: <999> but was: <0>
	at org.junit.jupiter.api.AssertionFailureBuilder.build(AssertionFailureBuilder.java:151)
	at org.junit.jupiter.api.AssertionFailureBuilder.buildAndThrow(AssertionFailureBuilder.java:132)
	at org.junit.jupiter.api.AssertEquals.failNotEqual(AssertEquals.java:197)
	at org.junit.jupiter.api.AssertEquals.assertEquals(AssertEquals.java:166)
	at org.junit.jupiter.api.AssertEquals.assertEquals(AssertEquals.java:161)
	at org.junit.jupiter.api.Assertions.assertEquals(Assertions.java:632)
	at es.upm.grise.profundizacion.file.FileTest.testGetCRC32DevuelveValorMockeado(FileTest.java:115)
	at java.base/java.lang.reflect.Method.invoke(Method.java:565)
	at java.base/java.util.ArrayList.forEach(ArrayList.java:1604)
	at java.base/java.util.ArrayList.forEach(ArrayList.java:1604)
]]></failure>
  </testcase>
  <testcase name="testAddPropertyEnImageLanzaWrongFileTypeException" classname="es.upm.grise.profundizacion.file.FileTest" time="0.002"/>
</testsuite>